Read benchmark://cbench-v1 manifest, 23 entries
Setting benchmark by name: benchmark://cbench-v1/adpcm
Read benchmark://cbench-v1 manifest, 23 entries
Setting benchmark by name: benchmark://cbench-v1/adpcm
Read benchmark://cbench-v1 manifest, 23 entries
Setting benchmark by name: benchmark://cbench-v1/adpcm
Ending session 0
Read benchmark://cbench-v1 manifest, 23 entries
Setting benchmark by name: benchmark://cbench-v1/adpcm
Ending session 0
Read benchmark://cbench-v1 manifest, 23 entries
Setting benchmark by name: benchmark://cbench-v1/adpcm
Ending session 0
Read benchmark://cbench-v1 manifest, 23 entries
Setting benchmark by name: benchmark://cbench-v1/adpcm
Ending session 0
Read benchmark://cbench-v1 manifest, 23 entries
Setting benchmark by name: benchmark://cbench-v1/adpcm
Ending session 0
Read benchmark://cbench-v1 manifest, 23 entries
Setting benchmark by name: benchmark://cbench-v1/adpcm
Ending session 0
Read benchmark://cbench-v1 manifest, 23 entries
Setting benchmark by name: benchmark://cbench-v1/adpcm
Ending session 0
Ending session 1
Setting benchmark by name: benchmark://cbench-v1/bitcount
Ending session 2
Ending session 1
Setting benchmark by name: benchmark://cbench-v1/bitcount
Ending session 2
Read benchmark://cbench-v1 manifest, 23 entries
Setting benchmark by name: benchmark://cbench-v1/adpcm
Ending session 0
Ending session 3
Setting benchmark by name: benchmark://cbench-v1/blowfish
Ending session 4
Ending session 1
Setting benchmark by name: benchmark://cbench-v1/bitcount
Ending session 2
Ending session 3
Setting benchmark by name: benchmark://cbench-v1/blowfish
Ending session 4
Ending session 5
Setting benchmark by name: benchmark://cbench-v1/bzip2
Ending session 6
Ending session 5
Setting benchmark by name: benchmark://cbench-v1/bzip2
Ending session 6
